# JRE version: OpenJDK Runtime Environment (8.0_112-b06) (build 1.8.0_112-release-b06)
# Java VM: OpenJDK 64-Bit Server VM (25.112-b06 mixed mode bsd-amd64 compressed oops)
Heap:
 PSYoungGen      total 173568K, used 110608K [0x00000007a0000000, 0x00000007add80000, 0x00000007c0000000)
  eden space 154624K, 60% used [0x00000007a0000000,0x00000007a5b1e7b0,0x00000007a9700000)
  from space 18944K, 91% used [0x00000007aac00000,0x00000007abce5970,0x00000007abe80000)
  to   space 21504K, 0% used [0x00000007a9700000,0x00000007a9700000,0x00000007aac00000)
 ParOldGen       total 136192K, used 89420K [0x0000000760000000, 0x0000000768500000, 0x00000007a0000000)
  object space 136192K, 65% used [0x0000000760000000,0x0000000765753328,0x0000000768500000)
 Metaspace       used 79154K, capacity 83080K, committed 83328K, reserved 1122304K
  class space    used 10446K, capacity 11345K, committed 11392K, reserved 1048576K
GC Heap History (10 events):
Event: 255.246 GC heap before
{Heap before GC invocations=34 (full 4):
 PSYoungGen      total 152576K, used 6925K [0x00000007a0000000, 0x00000007aaa80000, 0x00000007c0000000)
  eden space 134656K, 0% used [0x00000007a0000000,0x00000007a0000000,0x00000007a8380000)
  from space 17920K, 38% used [0x00000007a9900000,0x00000007a9fc36c8,0x00000007aaa80000)
  to   space 19968K, 0% used [0x00000007a8380000,0x00000007a8380000,0x00000007a9700000)
 ParOldGen       total 92160K, used 83138K [0x0000000760000000, 0x0000000765a00000, 0x00000007a0000000)
  object space 92160K, 90% used [0x0000000760000000,0x0000000765130870,0x0000000765a00000)
 Metaspace       used 64968K, capacity 67728K, committed 67840K, reserved 1107968K
  class space    used 8535K, capacity 9201K, committed 9216K, reserved 1048576K
Event: 255.912 GC heap after
Heap after GC invocations=34 (full 4):
 PSYoungGen      total 152576K, used 0K [0x00000007a0000000, 0x00000007aaa80000, 0x00000007c0000000)
  eden space 134656K, 0% used [0x00000007a0000000,0x00000007a0000000,0x00000007a8380000)
  from space 17920K, 0% used [0x00000007a9900000,0x00000007a9900000,0x00000007aaa80000)
  to   space 19968K, 0% used [0x00000007a8380000,0x00000007a8380000,0x00000007a9700000)
 ParOldGen       total 136192K, used 80103K [0x0000000760000000, 0x0000000768500000, 0x00000007a0000000)
  object space 136192K, 58% used [0x0000000760000000,0x0000000764e39db0,0x0000000768500000)
 Metaspace       used 64968K, capacity 67728K, committed 67840K, reserved 1107968K
  class space    used 8535K, capacity 9201K, committed 9216K, reserved 1048576K
}
Event: 1203.530 GC heap before
{Heap before GC invocations=35 (full 4):
 PSYoungGen      total 152576K, used 134656K [0x00000007a0000000, 0x00000007aaa80000, 0x00000007c0000000)
  eden space 134656K, 100% used [0x00000007a0000000,0x00000007a8380000,0x00000007a8380000)
  from space 17920K, 0% used [0x00000007a9900000,0x00000007a9900000,0x00000007aaa80000)
  to   space 19968K, 0% used [0x00000007a8380000,0x00000007a8380000,0x00000007a9700000)
 ParOldGen       total 136192K, used 80103K [0x0000000760000000, 0x0000000768500000, 0x00000007a0000000)
  object space 136192K, 58% used [0x0000000760000000,0x0000000764e39db0,0x0000000768500000)
 Metaspace       used 66177K, capacity 69124K, committed 69376K, reserved 1110016K
  class space    used 8658K, capacity 9363K, committed 9472K, reserved 1048576K
Event: 1203.698 GC heap after
Heap after GC invocations=35 (full 4):
 PSYoungGen      total 154624K, used 4002K [0x00000007a0000000, 0x00000007ac280000, 0x00000007c0000000)
  eden space 134656K, 0% used [0x00000007a0000000,0x00000007a0000000,0x00000007a8380000)
  from space 19968K, 20% used [0x00000007a8380000,0x00000007a8768a68,0x00000007a9700000)
  to   space 19456K, 0% used [0x00000007aaf80000,0x00000007aaf80000,0x00000007ac280000)
 ParOldGen       total 136192K, used 80111K [0x0000000760000000, 0x0000000768500000, 0x00000007a0000000)
  object space 136192K, 58% used [0x0000000760000000,0x0000000764e3bdb0,0x0000000768500000)
 Metaspace       used 66177K, capacity 69124K, committed 69376K, reserved 1110016K
  class space    used 8658K, capacity 9363K, committed 9472K, reserved 1048576K
}
Event: 4612.023 GC heap before
{Heap before GC invocations=36 (full 4):
 PSYoungGen      total 154624K, used 138658K [0x00000007a0000000, 0x00000007ac280000, 0x00000007c0000000)
  eden space 134656K, 100% used [0x00000007a0000000,0x00000007a8380000,0x00000007a8380000)
  from space 19968K, 20% used [0x00000007a8380000,0x00000007a8768a68,0x00000007a9700000)
  to   space 19456K, 0% used [0x00000007aaf80000,0x00000007aaf80000,0x00000007ac280000)
 ParOldGen       total 136192K, used 80111K [0x0000000760000000, 0x0000000768500000, 0x00000007a0000000)
  object space 136192K, 58% used [0x0000000760000000,0x0000000764e3bdb0,0x0000000768500000)
 Metaspace       used 71652K, capacity 74850K, committed 75008K, reserved 1114112K
  class space    used 9345K, capacity 10143K, committed 10240K, reserved 1048576K
Event: 4612.519 GC heap after
Heap after GC invocations=36 (full 4):
 PSYoungGen      total 141312K, used 11284K [0x00000007a0000000, 0x00000007abb00000, 0x00000007c0000000)
  eden space 129536K, 0% used [0x00000007a0000000,0x00000007a0000000,0x00000007a7e80000)
  from space 11776K, 95% used [0x00000007aaf80000,0x00000007aba85028,0x00000007abb00000)
  to   space 19456K, 0% used [0x00000007a9500000,0x00000007a9500000,0x00000007aa800000)
 ParOldGen       total 136192K, used 82807K [0x0000000760000000, 0x0000000768500000, 0x00000007a0000000)
  object space 136192K, 60% used [0x0000000760000000,0x00000007650ddeb0,0x0000000768500000)
 Metaspace       used 71652K, capacity 74850K, committed 75008K, reserved 1114112K
  class space    used 9345K, capacity 10143K, committed 10240K, reserved 1048576K
}
Event: 4618.420 GC heap before
{Heap before GC invocations=37 (full 4):
 PSYoungGen      total 141312K, used 140820K [0x00000007a0000000, 0x00000007abb00000, 0x00000007c0000000)
  eden space 129536K, 100% used [0x00000007a0000000,0x00000007a7e80000,0x00000007a7e80000)
  from space 11776K, 95% used [0x00000007aaf80000,0x00000007aba85028,0x00000007abb00000)
  to   space 19456K, 0% used [0x00000007a9500000,0x00000007a9500000,0x00000007aa800000)
 ParOldGen       total 136192K, used 82807K [0x0000000760000000, 0x0000000768500000, 0x00000007a0000000)
  object space 136192K, 60% used [0x0000000760000000,0x00000007650ddeb0,0x0000000768500000)
 Metaspace       used 72585K, capacity 75862K, committed 76160K, reserved 1116160K
  class space    used 9486K, capacity 10291K, committed 10368K, reserved 1048576K
Event: 4619.022 GC heap after
Heap after GC invocations=37 (full 4):
 PSYoungGen      total 172032K, used 6270K [0x00000007a0000000, 0x00000007abe80000, 0x00000007c0000000)
  eden space 152576K, 0% used [0x00000007a0000000,0x00000007a0000000,0x00000007a9500000)
  from space 19456K, 32% used [0x00000007a9500000,0x00000007a9b1f8f0,0x00000007aa800000)
  to   space 18944K, 0% used [0x00000007aac00000,0x00000007aac00000,0x00000007abe80000)
 ParOldGen       total 136192K, used 88746K [0x0000000760000000, 0x0000000768500000, 0x00000007a0000000)
  object space 136192K, 65% used [0x0000000760000000,0x00000007656aaa68,0x0000000768500000)
 Metaspace       used 72585K, capacity 75862K, committed 76160K, reserved 1116160K
  class space    used 9486K, capacity 10291K, committed 10368K, reserved 1048576K
}
Event: 4643.830 GC heap before
{Heap before GC invocations=38 (full 4):
 PSYoungGen      total 172032K, used 158846K [0x00000007a0000000, 0x00000007abe80000, 0x00000007c0000000)
  eden space 152576K, 100% used [0x00000007a0000000,0x00000007a9500000,0x00000007a9500000)
  from space 19456K, 32% used [0x00000007a9500000,0x00000007a9b1f8f0,0x00000007aa800000)
  to   space 18944K, 0% used [0x00000007aac00000,0x00000007aac00000,0x00000007abe80000)
 ParOldGen       total 136192K, used 88746K [0x0000000760000000, 0x0000000768500000, 0x00000007a0000000)
  object space 136192K, 65% used [0x0000000760000000,0x00000007656aaa68,0x0000000768500000)
 Metaspace       used 76917K, capacity 80918K, committed 81024K, reserved 1120256K
  class space    used 10148K, capacity 11066K, committed 11136K, reserved 1048576K
Event: 4644.051 GC heap after
Heap after GC invocations=38 (full 4):
 PSYoungGen      total 173568K, used 17302K [0x00000007a0000000, 0x00000007add80000, 0x00000007c0000000)
  eden space 154624K, 0% used [0x00000007a0000000,0x00000007a0000000,0x00000007a9700000)
  from space 18944K, 91% used [0x00000007aac00000,0x00000007abce5970,0x00000007abe80000)
  to   space 21504K, 0% used [0x00000007a9700000,0x00000007a9700000,0x00000007aac00000)
 ParOldGen       total 136192K, used 89420K [0x0000000760000000, 0x0000000768500000, 0x00000007a0000000)
  object space 136192K, 65% used [0x0000000760000000,0x0000000765753328,0x0000000768500000)
 Metaspace       used 76917K, capacity 80918K, committed 81024K, reserved 1120256K
  class space    used 10148K, capacity 11066K, committed 11136K, reserved 1048576K
}

